<?xml version="1.0" encoding="UTF-8"?>
<testng-results ignored="0" total="7" passed="7" failed="0" skipped="0">
  <reporter-output>
    <line>
      <![CDATA[user login Successfully]]>
    </line>
    <line>
      <![CDATA[Items filter by value z-a]]>
    </line>
    <line>
      <![CDATA[Items Add to cart]]>
    </line>
    <line>
      <![CDATA[click on shopping cart link]]>
    </line>
    <line>
      <![CDATA[Item checkout in cart]]>
    </line>
    <line>
      <![CDATA[enter firstname]]>
    </line>
    <line>
      <![CDATA[enter lastname]]>
    </line>
    <line>
      <![CDATA[blank Zip code]]>
    </line>
    <line>
      <![CDATA[Error: Postal Code is required]]>
    </line>
    <line>
      <![CDATA[Click on MenuBar]]>
    </line>
    <line>
      <![CDATA[Click on logout btn]]>
    </line>
    <line>
      <![CDATA[user logout succsessfully]]>
    </line>
  </reporter-output>
  <suite started-at="2023-06-12T13:22:40 IST" name="Default suite" finished-at="2023-06-12T13:23:32 IST" duration-ms="52402">
    <groups>
    </groups>
    <test started-at="2023-06-12T13:22:40 IST" name="Default test" finished-at="2023-06-12T13:23:32 IST" duration-ms="52402">
      <class name="com.SauceDemoTest.SauceDemoTestCases">
        <test-method is-config="true" signature="Setup()[pri:0, instance:com.SauceDemoTest.SauceDemoTestCases@3e11f9e9]" started-at="2023-06-12T13:22:40 IST" name="Setup" finished-at="2023-06-12T13:22:45 IST" duration-ms="5821" status="PASS">
          <reporter-output>
          </reporter-output>
        </test-method> <!-- Setup -->
        <test-method is-config="true" signature="LaunchBrowser()[pri:0, instance:com.SauceDemoTest.SauceDemoTestCases@3e11f9e9]" started-at="2023-06-12T13:22:45 IST" name="LaunchBrowser" finished-at="2023-06-12T13:22:53 IST" duration-ms="7253" status="PASS">
          <reporter-output>
          </reporter-output>
        </test-method> <!-- LaunchBrowser -->
        <test-method signature="LoginTest()[pri:1, instance:com.SauceDemoTest.SauceDemoTestCases@3e11f9e9]" started-at="2023-06-12T13:22:53 IST" name="LoginTest" finished-at="2023-06-12T13:23:00 IST" duration-ms="7326" status="PASS">
          <reporter-output>
            <line>
              <![CDATA[user login Successfully]]>
            </line>
          </reporter-output>
        </test-method> <!-- LoginTest -->
        <test-method signature="FilterItemsTest()[pri:2, instance:com.SauceDemoTest.SauceDemoTestCases@3e11f9e9]" started-at="2023-06-12T13:23:00 IST" name="FilterItemsTest" finished-at="2023-06-12T13:23:04 IST" duration-ms="4121" status="PASS">
          <reporter-output>
            <line>
              <![CDATA[Items filter by value z-a]]>
            </line>
          </reporter-output>
        </test-method> <!-- FilterItemsTest -->
        <test-method signature="AddToCartTest()[pri:3, instance:com.SauceDemoTest.SauceDemoTestCases@3e11f9e9]" started-at="2023-06-12T13:23:04 IST" name="AddToCartTest" finished-at="2023-06-12T13:23:08 IST" duration-ms="4062" status="PASS">
          <reporter-output>
            <line>
              <![CDATA[Items Add to cart]]>
            </line>
          </reporter-output>
        </test-method> <!-- AddToCartTest -->
        <test-method signature="SoppingCartTest()[pri:4, instance:com.SauceDemoTest.SauceDemoTestCases@3e11f9e9]" started-at="2023-06-12T13:23:08 IST" name="SoppingCartTest" finished-at="2023-06-12T13:23:10 IST" duration-ms="2058" status="PASS">
          <reporter-output>
            <line>
              <![CDATA[click on shopping cart link]]>
            </line>
          </reporter-output>
        </test-method> <!-- SoppingCartTest -->
        <test-method signature="ItemCheckoutTest()[pri:5, instance:com.SauceDemoTest.SauceDemoTestCases@3e11f9e9]" started-at="2023-06-12T13:23:10 IST" name="ItemCheckoutTest" finished-at="2023-06-12T13:23:12 IST" duration-ms="2059" status="PASS">
          <reporter-output>
            <line>
              <![CDATA[Item checkout in cart]]>
            </line>
          </reporter-output>
        </test-method> <!-- ItemCheckoutTest -->
        <test-method signature="FillYourInfoTest()[pri:6, instance:com.SauceDemoTest.SauceDemoTestCases@3e11f9e9]" started-at="2023-06-12T13:23:12 IST" name="FillYourInfoTest" finished-at="2023-06-12T13:23:23 IST" duration-ms="10252" status="PASS">
          <reporter-output>
            <line>
              <![CDATA[enter firstname]]>
            </line>
            <line>
              <![CDATA[enter lastname]]>
            </line>
            <line>
              <![CDATA[blank Zip code]]>
            </line>
            <line>
              <![CDATA[Error: Postal Code is required]]>
            </line>
          </reporter-output>
        </test-method> <!-- FillYourInfoTest -->
        <test-method signature="LogoutTest()[pri:7, instance:com.SauceDemoTest.SauceDemoTestCases@3e11f9e9]" started-at="2023-06-12T13:23:23 IST" name="LogoutTest" finished-at="2023-06-12T13:23:32 IST" depends-on-methods="com.SauceDemoTest.SauceDemoTestCases.LoginTest" duration-ms="9417" status="PASS">
          <reporter-output>
            <line>
              <![CDATA[Click on MenuBar]]>
            </line>
            <line>
              <![CDATA[Click on logout btn]]>
            </line>
            <line>
              <![CDATA[user logout succsessfully]]>
            </line>
          </reporter-output>
        </test-method> <!-- LogoutTest -->
        <test-method is-config="true" signature="TearDown()[pri:0, instance:com.SauceDemoTest.SauceDemoTestCases@3e11f9e9]" started-at="2023-06-12T13:23:32 IST" name="TearDown" finished-at="2023-06-12T13:23:32 IST" duration-ms="0" status="PASS">
          <reporter-output>
          </reporter-output>
        </test-method> <!-- TearDown -->
      </class> <!-- com.SauceDemoTest.SauceDemoTestCases -->
    </test> <!-- Default test -->
  </suite> <!-- Default suite -->
</testng-results>
