<?xml version="1.0" encoding="UTF-8"?>
<!-- Generated by org.testng.reporters.JUnitXMLReporter -->
<testsuite ignored="0" hostname="Ankush" failures="0" tests="7" name="ChromeTest" time="60.949" errors="0" timestamp="2023-06-12T10:52:20 IST">
  <testcase classname="com.SauceDemoTest.SauceDemoTestCases" name="LoginTest" time="7.512"/>
  <testcase classname="com.SauceDemoTest.SauceDemoTestCases" name="FilterItemsTest" time="4.251"/>
  <testcase classname="com.SauceDemoTest.SauceDemoTestCases" name="AddToCartTest" time="4.121"/>
  <testcase classname="com.SauceDemoTest.SauceDemoTestCases" name="SoppingCartTest" time="2.139"/>
  <testcase classname="com.SauceDemoTest.SauceDemoTestCases" name="ItemCheckoutTest" time="2.101"/>
  <testcase classname="com.SauceDemoTest.SauceDemoTestCases" name="FillYourInfoTest" time="10.316"/>
  <testcase classname="com.SauceDemoTest.SauceDemoTestCases" name="LogoutTest" time="8.396"/>
</testsuite> <!-- ChromeTest -->
