<?xml version="1.0" encoding="UTF-8"?>
<!-- Generated by org.testng.reporters.JUnitXMLReporter -->
<testsuite ignored="0" hostname="Ankush" failures="0" tests="7" name="Default test" time="52.402" errors="0" timestamp="2023-06-12T13:23:32 IST">
  <testcase classname="com.SauceDemoTest.SauceDemoTestCases" name="LoginTest" time="7.326"/>
  <testcase classname="com.SauceDemoTest.SauceDemoTestCases" name="FilterItemsTest" time="4.121"/>
  <testcase classname="com.SauceDemoTest.SauceDemoTestCases" name="AddToCartTest" time="4.062"/>
  <testcase classname="com.SauceDemoTest.SauceDemoTestCases" name="SoppingCartTest" time="2.058"/>
  <testcase classname="com.SauceDemoTest.SauceDemoTestCases" name="ItemCheckoutTest" time="2.059"/>
  <testcase classname="com.SauceDemoTest.SauceDemoTestCases" name="FillYourInfoTest" time="10.252"/>
  <testcase classname="com.SauceDemoTest.SauceDemoTestCases" name="LogoutTest" time="9.417"/>
</testsuite> <!-- Default test -->
